<<<<<<< HEAD
{"level":"info","message":"Serving static Expo files with dynamic manifest routing","service":"parcelpeer-api","timestamp":"2026-01-01 17:28:14"}
{"level":"info","message":"Expo routing: Checking expo-platform header on / and /manifest","service":"parcelpeer-api","timestamp":"2026-01-01 17:28:14"}
{"level":"info","message":"express server serving on port 5000","service":"parcelpeer-api","timestamp":"2026-01-01 17:28:14"}
{"error":{"address":"127.0.0.1","code":"ECONNREFUSED","errno":-111,"port":5432,"syscall":"connect"},"level":"error","message":"Database health check failed","service":"parcelpeer-api","timestamp":"2026-01-01 17:34:21"}
{"error":{"address":"127.0.0.1","code":"ECONNREFUSED","errno":-111,"port":5432,"syscall":"connect"},"level":"error","message":"Database health check failed","service":"parcelpeer-api","timestamp":"2026-01-01 17:34:53"}
{"duration":7,"ip":"127.0.0.1","level":"error","message":"GET /api/users/test-user-123/conversations 500 in 7ms :: {\"error\":\"Failed to fe…","method":"GET","path":"/api/users/test-user-123/conversations","service":"parcelpeer-api","statusCode":500,"timestamp":"2026-01-01 17:34:53"}
{"duration":3,"ip":"127.0.0.1","level":"error","message":"POST /api/conversations 500 in 3ms :: {\"error\":\"Failed to create conversation\"}","method":"POST","path":"/api/conversations","service":"parcelpeer-api","statusCode":500,"timestamp":"2026-01-01 17:34:53"}
=======
<<<<<<< HEAD
{"level":"info","message":"Serving static Expo files with dynamic manifest routing","service":"parcelpeer-api","timestamp":"2026-01-01 17:28:39"}
{"level":"info","message":"Expo routing: Checking expo-platform header on / and /manifest","service":"parcelpeer-api","timestamp":"2026-01-01 17:28:39"}
{"level":"info","message":"express server serving on port 5000","service":"parcelpeer-api","timestamp":"2026-01-01 17:28:39"}
=======
{"level":"info","message":"Serving static Expo files with dynamic manifest routing","service":"parcelpeer-api","timestamp":"2026-01-01 17:06:37"}
{"level":"info","message":"Expo routing: Checking expo-platform header on / and /manifest","service":"parcelpeer-api","timestamp":"2026-01-01 17:06:37"}
{"level":"info","message":"WebSocket server initialized on /ws","service":"parcelpeer-api","timestamp":"2026-01-01 17:06:37"}
{"level":"info","message":"express server serving on port 5000","service":"parcelpeer-api","timestamp":"2026-01-01 17:06:37"}
{"level":"info","message":"Serving static Expo files with dynamic manifest routing","service":"parcelpeer-api","timestamp":"2026-01-01 17:12:06"}
{"level":"info","message":"Expo routing: Checking expo-platform header on / and /manifest","service":"parcelpeer-api","timestamp":"2026-01-01 17:12:06"}
{"level":"info","message":"WebSocket server initialized on /ws","service":"parcelpeer-api","timestamp":"2026-01-01 17:12:06"}
{"level":"info","message":"express server serving on port 5000","service":"parcelpeer-api","timestamp":"2026-01-01 17:12:06"}
>>>>>>> origin/payments
>>>>>>> origin/payments
{"level":"info","message":"Serving static Expo files with dynamic manifest routing","service":"parcelpeer-api","timestamp":"2026-01-02 09:03:13"}
{"level":"info","message":"Expo routing: Checking expo-platform header on / and /manifest","service":"parcelpeer-api","timestamp":"2026-01-02 09:03:13"}
{"level":"info","message":"WebSocket server initialized on /ws","service":"parcelpeer-api","timestamp":"2026-01-02 09:03:13"}
{"level":"info","message":"WebSocket server initialized on /ws","service":"parcelpeer-api","timestamp":"2026-01-02 09:03:13"}
{"level":"info","message":"express server serving on port 5000","service":"parcelpeer-api","timestamp":"2026-01-02 09:03:13"}
{"level":"info","message":"baseUrl","service":"parcelpeer-api","timestamp":"2026-01-02 09:03:27"}
{"level":"info","message":"expsUrl","service":"parcelpeer-api","timestamp":"2026-01-02 09:03:27"}
{"level":"info","message":"baseUrl","service":"parcelpeer-api","timestamp":"2026-01-02 09:05:31"}
{"level":"info","message":"expsUrl","service":"parcelpeer-api","timestamp":"2026-01-02 09:05:31"}
{"level":"info","message":"Serving static Expo files with dynamic manifest routing","service":"parcelpeer-api","timestamp":"2026-01-02 09:05:35"}
{"level":"info","message":"Expo routing: Checking expo-platform header on / and /manifest","service":"parcelpeer-api","timestamp":"2026-01-02 09:05:35"}
{"level":"info","message":"WebSocket server initialized on /ws","service":"parcelpeer-api","timestamp":"2026-01-02 09:05:35"}
{"level":"info","message":"WebSocket server initialized on /ws","service":"parcelpeer-api","timestamp":"2026-01-02 09:05:35"}
{"level":"info","message":"express server serving on port 5000","service":"parcelpeer-api","timestamp":"2026-01-02 09:05:35"}
{"level":"info","message":"Serving static Expo files with dynamic manifest routing","service":"parcelpeer-api","timestamp":"2026-01-02 09:07:31"}
{"level":"info","message":"Expo routing: Checking expo-platform header on / and /manifest","service":"parcelpeer-api","timestamp":"2026-01-02 09:07:31"}
{"level":"info","message":"WebSocket server initialized on /ws","service":"parcelpeer-api","timestamp":"2026-01-02 09:07:31"}
{"level":"info","message":"WebSocket server initialized on /ws","service":"parcelpeer-api","timestamp":"2026-01-02 09:07:31"}
{"level":"info","message":"express server serving on port 5000","service":"parcelpeer-api","timestamp":"2026-01-02 09:07:31"}
{"level":"info","message":"baseUrl","service":"parcelpeer-api","timestamp":"2026-01-02 09:07:33"}
{"level":"info","message":"expsUrl","service":"parcelpeer-api","timestamp":"2026-01-02 09:07:33"}
{"level":"info","message":"Serving static Expo files with dynamic manifest routing","service":"parcelpeer-api","timestamp":"2026-01-02 09:10:44"}
{"level":"info","message":"Expo routing: Checking expo-platform header on / and /manifest","service":"parcelpeer-api","timestamp":"2026-01-02 09:10:44"}
{"level":"info","message":"WebSocket server initialized on /ws","service":"parcelpeer-api","timestamp":"2026-01-02 09:10:44"}
{"level":"info","message":"WebSocket server initialized on /ws","service":"parcelpeer-api","timestamp":"2026-01-02 09:10:44"}
{"level":"info","message":"express server serving on port 5000","service":"parcelpeer-api","timestamp":"2026-01-02 09:10:44"}
{"level":"info","message":"Serving static Expo files with dynamic manifest routing","service":"parcelpeer-api","timestamp":"2026-01-02 09:11:14"}
{"level":"info","message":"Expo routing: Checking expo-platform header on / and /manifest","service":"parcelpeer-api","timestamp":"2026-01-02 09:11:14"}
{"level":"info","message":"WebSocket server initialized on /ws","service":"parcelpeer-api","timestamp":"2026-01-02 09:11:14"}
{"level":"info","message":"WebSocket server initialized on /ws","service":"parcelpeer-api","timestamp":"2026-01-02 09:11:14"}
{"level":"info","message":"express server serving on port 5000","service":"parcelpeer-api","timestamp":"2026-01-02 09:11:14"}
{"level":"info","message":"baseUrl","service":"parcelpeer-api","timestamp":"2026-01-02 09:11:14"}
{"level":"info","message":"expsUrl","service":"parcelpeer-api","timestamp":"2026-01-02 09:11:14"}
{"level":"info","message":"Serving static Expo files with dynamic manifest routing","service":"parcelpeer-api","timestamp":"2026-01-02 09:11:44"}
{"level":"info","message":"Expo routing: Checking expo-platform header on / and /manifest","service":"parcelpeer-api","timestamp":"2026-01-02 09:11:44"}
{"level":"info","message":"WebSocket server initialized on /ws","service":"parcelpeer-api","timestamp":"2026-01-02 09:11:44"}
{"level":"info","message":"WebSocket server initialized on /ws","service":"parcelpeer-api","timestamp":"2026-01-02 09:11:44"}
{"level":"info","message":"express server serving on port 5000","service":"parcelpeer-api","timestamp":"2026-01-02 09:11:44"}
{"level":"info","message":"baseUrl","service":"parcelpeer-api","timestamp":"2026-01-02 09:11:45"}
{"level":"info","message":"expsUrl","service":"parcelpeer-api","timestamp":"2026-01-02 09:11:45"}
{"level":"info","message":"Serving static Expo files with dynamic manifest routing","service":"parcelpeer-api","timestamp":"2026-01-02 09:14:39"}
{"level":"info","message":"Expo routing: Checking expo-platform header on / and /manifest","service":"parcelpeer-api","timestamp":"2026-01-02 09:14:39"}
{"level":"info","message":"WebSocket server initialized on /ws","service":"parcelpeer-api","timestamp":"2026-01-02 09:14:39"}
{"level":"info","message":"WebSocket server initialized on /ws","service":"parcelpeer-api","timestamp":"2026-01-02 09:14:39"}
{"level":"info","message":"express server serving on port 5000","service":"parcelpeer-api","timestamp":"2026-01-02 09:14:39"}
{"level":"info","message":"New WebSocket connection attempt","service":"parcelpeer-api","timestamp":"2026-01-02 09:15:08"}
{"duration":48,"ip":"172.31.70.66","level":"error","message":"GET /api/routes 500 in 48ms :: {\"error\":\"Failed to fetch routes\"}","method":"GET","path":"/api/routes","service":"parcelpeer-api","statusCode":500,"timestamp":"2026-01-02 09:15:12"}
{"level":"info","message":"New WebSocket connection attempt","service":"parcelpeer-api","timestamp":"2026-01-02 09:15:12"}
